[INFO ] 2023-03-03 16:13:53.648 [main] Log - LoginPage Test is starting. 
[ERROR] 2023-03-03 16:13:54.010 [main] Log - LoginPageTest is failed
[INFO ] 2023-03-03 16:13:54.091 [main] Log - I am on finish method testng
[INFO ] 2023-03-03 16:24:40.328 [main] Log - LoginPage Test is starting. 
[ERROR] 2023-03-03 16:24:40.758 [main] Log - LoginPageTest is failed
[INFO ] 2023-03-03 16:24:40.859 [main] Log - I am on finish method testng
[INFO ] 2023-03-03 17:06:24.496 [main] Log - chrome browser selected
[INFO ] 2023-03-03 17:06:25.554 [main] Log - Opened chrome browser
[INFO ] 2023-03-03 17:06:25.731 [main] Log - Window is maximized
[INFO ] 2023-03-03 17:06:36.702 [main] Log - Opened URL is  https://pulse-stage.projectai.com/login
[INFO ] 2023-03-03 17:06:36.758 [main] Log - LoginPage Test is starting. 
[INFO ] 2023-03-03 17:06:36.870 [main] Log - Text in the element is [[ChromeDriver: chrome on WINDOWS (9654d10d8189ffe1fbc1b22c7b6e6d40)] -> xpath: //input[@name='username']]is cleared
[INFO ] 2023-03-03 17:06:36.945 [main] Log - Cliked on textbox [[ChromeDriver: chrome on WINDOWS (9654d10d8189ffe1fbc1b22c7b6e6d40)] -> xpath: //input[@name='username']]
[INFO ] 2023-03-03 17:06:37.083 [main] Log - Entered text on [[ChromeDriver: chrome on WINDOWS (9654d10d8189ffe1fbc1b22c7b6e6d40)] -> xpath: //input[@name='username']] text
[INFO ] 2023-03-03 17:06:37.131 [main] Log - Text in the element is [[ChromeDriver: chrome on WINDOWS (9654d10d8189ffe1fbc1b22c7b6e6d40)] -> xpath: //input[@name='password']]is cleared
[INFO ] 2023-03-03 17:06:37.208 [main] Log - Cliked on textbox [[ChromeDriver: chrome on WINDOWS (9654d10d8189ffe1fbc1b22c7b6e6d40)] -> xpath: //input[@name='password']]
[INFO ] 2023-03-03 17:06:37.401 [main] Log - Entered text on [[ChromeDriver: chrome on WINDOWS (9654d10d8189ffe1fbc1b22c7b6e6d40)] -> xpath: //input[@name='password']] text
[INFO ] 2023-03-03 17:06:37.544 [main] Log - wait for until element [[ChromeDriver: chrome on WINDOWS (9654d10d8189ffe1fbc1b22c7b6e6d40)] -> xpath: //button[normalize-space()='Sign In']]is visible
[INFO ] 2023-03-03 17:06:37.638 [main] Log - Clicked on element [[ChromeDriver: chrome on WINDOWS (9654d10d8189ffe1fbc1b22c7b6e6d40)] -> xpath: //button[normalize-space()='Sign In']]
[INFO ] 2023-03-03 17:06:45.673 [main] Log - LoginPageTest is passed
[INFO ] 2023-03-03 17:06:45.677 [main] Log - LoginPage com.blazeclan.qa.test.testng.LoginTest 7df488b2-f359-45cc-bc03-1b55af86045b []
[INFO ] 2023-03-03 17:06:45.964 [main] Log - AboutMe Test is starting. 
[INFO ] 2023-03-03 17:06:51.032 [main] Log - wait for until element [[ChromeDriver: chrome on WINDOWS (9654d10d8189ffe1fbc1b22c7b6e6d40)] -> xpath: //span[contains(text(),'My Projects')]]is visible
[INFO ] 2023-03-03 17:06:51.104 [main] Log - Clicked on element [[ChromeDriver: chrome on WINDOWS (9654d10d8189ffe1fbc1b22c7b6e6d40)] -> xpath: //span[contains(text(),'My Projects')]]
[INFO ] 2023-03-03 17:06:51.207 [main] Log - wait for until element [[ChromeDriver: chrome on WINDOWS (9654d10d8189ffe1fbc1b22c7b6e6d40)] -> xpath: //li[@class='pro-menu-item']/div/span[@class='pro-item-content']]is visible
[INFO ] 2023-03-03 17:06:51.343 [main] Log - Clicked on element [[ChromeDriver: chrome on WINDOWS (9654d10d8189ffe1fbc1b22c7b6e6d40)] -> xpath: //li[@class='pro-menu-item']/div/span[@class='pro-item-content']]
[INFO ] 2023-03-03 17:06:56.737 [main] Log - wait for until element [[ChromeDriver: chrome on WINDOWS (9654d10d8189ffe1fbc1b22c7b6e6d40)] -> xpath: //span[@class='MuiIconButton-label']]is visible
[INFO ] 2023-03-03 17:06:56.944 [main] Log - Clicked on element [[ChromeDriver: chrome on WINDOWS (9654d10d8189ffe1fbc1b22c7b6e6d40)] -> xpath: //span[@class='MuiIconButton-label']]
[INFO ] 2023-03-03 17:06:57.417 [main] Log - wait for until element [[ChromeDriver: chrome on WINDOWS (9654d10d8189ffe1fbc1b22c7b6e6d40)] -> xpath: //span[contains(text(),'About Me')]]is visible
[INFO ] 2023-03-03 17:06:58.769 [main] Log - Clicked on element [[ChromeDriver: chrome on WINDOWS (9654d10d8189ffe1fbc1b22c7b6e6d40)] -> xpath: //span[contains(text(),'About Me')]]
[INFO ] 2023-03-03 17:07:01.833 [main] Log - wait for until element [[ChromeDriver: chrome on WINDOWS (9654d10d8189ffe1fbc1b22c7b6e6d40)] -> xpath: //body/div[@id='root']/div[1]/div[2]/div[1]/div[1]/div[2]/div[1]/div[2]/div[1]/div[1]/div[3]/div[1]/div[1]/div[1]/div[1]/div[3]]is visible
[INFO ] 2023-03-03 17:07:02.278 [main] Log - slider action performed on element [[ChromeDriver: chrome on WINDOWS (9654d10d8189ffe1fbc1b22c7b6e6d40)] -> xpath: //body/div[@id='root']/div[1]/div[2]/div[1]/div[1]/div[2]/div[1]/div[2]/div[1]/div[1]/div[3]/div[1]/div[1]/div[1]/div[1]/div[3]]
[INFO ] 2023-03-03 17:07:02.328 [main] Log - wait for until element [[ChromeDriver: chrome on WINDOWS (9654d10d8189ffe1fbc1b22c7b6e6d40)] -> xpath: //body/div[@id='root']/div[1]/div[2]/div[1]/div[1]/div[2]/div[1]/div[2]/div[1]/div[1]/div[10]/div[1]/div[1]/div[1]/div[1]/textarea[1]]is visible
[ERROR] 2023-03-03 17:07:03.457 [main] Log - AboutMeTest is failed
[INFO ] 2023-03-03 17:07:03.685 [main] Log - Logout Test is starting. 
[INFO ] 2023-03-03 17:07:03.747 [main] Log - wait for until element [[ChromeDriver: chrome on WINDOWS (9654d10d8189ffe1fbc1b22c7b6e6d40)] -> xpath: //div[@class='ij_XRAOXFVqUYY8480uZC']]is visible
[INFO ] 2023-03-03 17:07:03.800 [main] Log - Clicked on element [[ChromeDriver: chrome on WINDOWS (9654d10d8189ffe1fbc1b22c7b6e6d40)] -> xpath: //div[@class='ij_XRAOXFVqUYY8480uZC']]
[INFO ] 2023-03-03 17:07:06.959 [main] Log - wait for until element [[ChromeDriver: chrome on WINDOWS (9654d10d8189ffe1fbc1b22c7b6e6d40)] -> xpath: //a[normalize-space()='Log Out']]is visible
[INFO ] 2023-03-03 17:07:09.662 [main] Log - Clicked on element Proxy element for: DefaultElementLocator 'By.xpath: //a[normalize-space()='Log Out']'
[INFO ] 2023-03-03 17:07:09.666 [main] Log - LogoutTest is passed
[INFO ] 2023-03-03 17:07:09.667 [main] Log - Logout com.blazeclan.qa.test.testng.LogoutTest a96bc395-7253-4c55-bcb9-4201fb77234d []
[INFO ] 2023-03-03 17:07:11.577 [main] Log - I am on finish method testng
[INFO ] 2023-03-03 17:08:51.460 [main] Log - chrome browser selected
[INFO ] 2023-03-03 17:08:51.710 [main] Log - Opened chrome browser
[INFO ] 2023-03-03 17:08:51.852 [main] Log - Window is maximized
[INFO ] 2023-03-03 17:08:55.701 [main] Log - Opened URL is  https://pulse-stage.projectai.com/login
[INFO ] 2023-03-03 17:08:55.744 [main] Log - LoginPage Test is starting. 
[INFO ] 2023-03-03 17:08:55.859 [main] Log - Text in the element is [[ChromeDriver: chrome on WINDOWS (e08a8f6cf1cd018a4d179207f4afc3dd)] -> xpath: //input[@name='username']]is cleared
[INFO ] 2023-03-03 17:08:55.920 [main] Log - Cliked on textbox [[ChromeDriver: chrome on WINDOWS (e08a8f6cf1cd018a4d179207f4afc3dd)] -> xpath: //input[@name='username']]
[INFO ] 2023-03-03 17:08:56.081 [main] Log - Entered text on [[ChromeDriver: chrome on WINDOWS (e08a8f6cf1cd018a4d179207f4afc3dd)] -> xpath: //input[@name='username']] text
[INFO ] 2023-03-03 17:08:56.126 [main] Log - Text in the element is [[ChromeDriver: chrome on WINDOWS (e08a8f6cf1cd018a4d179207f4afc3dd)] -> xpath: //input[@name='password']]is cleared
[INFO ] 2023-03-03 17:08:56.168 [main] Log - Cliked on textbox [[ChromeDriver: chrome on WINDOWS (e08a8f6cf1cd018a4d179207f4afc3dd)] -> xpath: //input[@name='password']]
[INFO ] 2023-03-03 17:08:56.228 [main] Log - Entered text on [[ChromeDriver: chrome on WINDOWS (e08a8f6cf1cd018a4d179207f4afc3dd)] -> xpath: //input[@name='password']] text
[INFO ] 2023-03-03 17:08:56.278 [main] Log - wait for until element [[ChromeDriver: chrome on WINDOWS (e08a8f6cf1cd018a4d179207f4afc3dd)] -> xpath: //button[normalize-space()='Sign In']]is visible
[INFO ] 2023-03-03 17:08:56.357 [main] Log - Clicked on element [[ChromeDriver: chrome on WINDOWS (e08a8f6cf1cd018a4d179207f4afc3dd)] -> xpath: //button[normalize-space()='Sign In']]
[INFO ] 2023-03-03 17:09:04.388 [main] Log - LoginPageTest is passed
[INFO ] 2023-03-03 17:09:04.392 [main] Log - LoginPage com.blazeclan.qa.test.testng.LoginTest 6f286bdf-e428-4118-8057-23cfb77cab4e []
[INFO ] 2023-03-03 17:09:04.640 [main] Log - AboutMe Test is starting. 
[INFO ] 2023-03-03 17:09:09.700 [main] Log - wait for until element [[ChromeDriver: chrome on WINDOWS (e08a8f6cf1cd018a4d179207f4afc3dd)] -> xpath: //span[contains(text(),'My Projects')]]is visible
[INFO ] 2023-03-03 17:09:09.761 [main] Log - Clicked on element [[ChromeDriver: chrome on WINDOWS (e08a8f6cf1cd018a4d179207f4afc3dd)] -> xpath: //span[contains(text(),'My Projects')]]
[INFO ] 2023-03-03 17:09:10.331 [main] Log - wait for until element [[ChromeDriver: chrome on WINDOWS (e08a8f6cf1cd018a4d179207f4afc3dd)] -> xpath: //li[@class='pro-menu-item']/div/span[@class='pro-item-content']]is visible
[INFO ] 2023-03-03 17:09:10.398 [main] Log - Clicked on element [[ChromeDriver: chrome on WINDOWS (e08a8f6cf1cd018a4d179207f4afc3dd)] -> xpath: //li[@class='pro-menu-item']/div/span[@class='pro-item-content']]
[INFO ] 2023-03-03 17:09:13.535 [main] Log - wait for until element [[ChromeDriver: chrome on WINDOWS (e08a8f6cf1cd018a4d179207f4afc3dd)] -> xpath: //span[@class='MuiIconButton-label']]is visible
[INFO ] 2023-03-03 17:09:13.615 [main] Log - Clicked on element [[ChromeDriver: chrome on WINDOWS (e08a8f6cf1cd018a4d179207f4afc3dd)] -> xpath: //span[@class='MuiIconButton-label']]
[INFO ] 2023-03-03 17:09:13.718 [main] Log - wait for until element [[ChromeDriver: chrome on WINDOWS (e08a8f6cf1cd018a4d179207f4afc3dd)] -> xpath: //span[contains(text(),'About Me')]]is visible
[INFO ] 2023-03-03 17:09:13.864 [main] Log - Clicked on element [[ChromeDriver: chrome on WINDOWS (e08a8f6cf1cd018a4d179207f4afc3dd)] -> xpath: //span[contains(text(),'About Me')]]
[INFO ] 2023-03-03 17:09:17.341 [main] Log - wait for until element [[ChromeDriver: chrome on WINDOWS (e08a8f6cf1cd018a4d179207f4afc3dd)] -> xpath: //body/div[@id='root']/div[1]/div[2]/div[1]/div[1]/div[2]/div[1]/div[2]/div[1]/div[1]/div[10]/div[1]/div[1]/div[1]/div[1]/textarea[1]]is visible
[ERROR] 2023-03-03 17:09:18.414 [main] Log - AboutMeTest is failed
[INFO ] 2023-03-03 17:09:18.612 [main] Log - Logout Test is starting. 
[INFO ] 2023-03-03 17:09:18.665 [main] Log - wait for until element [[ChromeDriver: chrome on WINDOWS (e08a8f6cf1cd018a4d179207f4afc3dd)] -> xpath: //div[@class='ij_XRAOXFVqUYY8480uZC']]is visible
[INFO ] 2023-03-03 17:09:18.730 [main] Log - Clicked on element [[ChromeDriver: chrome on WINDOWS (e08a8f6cf1cd018a4d179207f4afc3dd)] -> xpath: //div[@class='ij_XRAOXFVqUYY8480uZC']]
[INFO ] 2023-03-03 17:09:21.793 [main] Log - wait for until element [[ChromeDriver: chrome on WINDOWS (e08a8f6cf1cd018a4d179207f4afc3dd)] -> xpath: //a[normalize-space()='Log Out']]is visible
[INFO ] 2023-03-03 17:09:23.317 [main] Log - Clicked on element Proxy element for: DefaultElementLocator 'By.xpath: //a[normalize-space()='Log Out']'
[INFO ] 2023-03-03 17:09:23.318 [main] Log - LogoutTest is passed
[INFO ] 2023-03-03 17:09:23.319 [main] Log - Logout com.blazeclan.qa.test.testng.LogoutTest 0f021676-c9e9-41ee-ac6d-ce248a074326 []
[INFO ] 2023-03-03 17:09:24.862 [main] Log - I am on finish method testng
[INFO ] 2023-03-03 17:11:09.438 [main] Log - chrome browser selected
[INFO ] 2023-03-03 17:11:09.735 [main] Log - Opened chrome browser
[INFO ] 2023-03-03 17:11:09.887 [main] Log - Window is maximized
[INFO ] 2023-03-03 17:11:14.594 [main] Log - Opened URL is  https://pulse-stage.projectai.com/login
[INFO ] 2023-03-03 17:11:14.643 [main] Log - LoginPage Test is starting. 
[INFO ] 2023-03-03 17:11:14.747 [main] Log - Text in the element is [[ChromeDriver: chrome on WINDOWS (cf6c73823d4353cb00bd4863d33e4aa5)] -> xpath: //input[@name='username']]is cleared
[INFO ] 2023-03-03 17:11:14.818 [main] Log - Cliked on textbox [[ChromeDriver: chrome on WINDOWS (cf6c73823d4353cb00bd4863d33e4aa5)] -> xpath: //input[@name='username']]
[INFO ] 2023-03-03 17:11:14.928 [main] Log - Entered text on [[ChromeDriver: chrome on WINDOWS (cf6c73823d4353cb00bd4863d33e4aa5)] -> xpath: //input[@name='username']] text
[INFO ] 2023-03-03 17:11:14.990 [main] Log - Text in the element is [[ChromeDriver: chrome on WINDOWS (cf6c73823d4353cb00bd4863d33e4aa5)] -> xpath: //input[@name='password']]is cleared
[INFO ] 2023-03-03 17:11:15.043 [main] Log - Cliked on textbox [[ChromeDriver: chrome on WINDOWS (cf6c73823d4353cb00bd4863d33e4aa5)] -> xpath: //input[@name='password']]
[INFO ] 2023-03-03 17:11:15.124 [main] Log - Entered text on [[ChromeDriver: chrome on WINDOWS (cf6c73823d4353cb00bd4863d33e4aa5)] -> xpath: //input[@name='password']] text
[INFO ] 2023-03-03 17:11:15.192 [main] Log - wait for until element [[ChromeDriver: chrome on WINDOWS (cf6c73823d4353cb00bd4863d33e4aa5)] -> xpath: //button[normalize-space()='Sign In']]is visible
[INFO ] 2023-03-03 17:11:15.289 [main] Log - Clicked on element [[ChromeDriver: chrome on WINDOWS (cf6c73823d4353cb00bd4863d33e4aa5)] -> xpath: //button[normalize-space()='Sign In']]
[INFO ] 2023-03-03 17:11:23.336 [main] Log - LoginPageTest is passed
[INFO ] 2023-03-03 17:11:23.339 [main] Log - LoginPage com.blazeclan.qa.test.testng.LoginTest 684e8111-d027-4663-b34e-11be12741932 []
[INFO ] 2023-03-03 17:11:23.632 [main] Log - AboutMe Test is starting. 
[INFO ] 2023-03-03 17:11:28.692 [main] Log - wait for until element [[ChromeDriver: chrome on WINDOWS (cf6c73823d4353cb00bd4863d33e4aa5)] -> xpath: //span[contains(text(),'My Projects')]]is visible
[INFO ] 2023-03-03 17:11:28.747 [main] Log - Clicked on element [[ChromeDriver: chrome on WINDOWS (cf6c73823d4353cb00bd4863d33e4aa5)] -> xpath: //span[contains(text(),'My Projects')]]
[INFO ] 2023-03-03 17:11:29.328 [main] Log - wait for until element [[ChromeDriver: chrome on WINDOWS (cf6c73823d4353cb00bd4863d33e4aa5)] -> xpath: //li[@class='pro-menu-item']/div/span[@class='pro-item-content']]is visible
[INFO ] 2023-03-03 17:11:29.428 [main] Log - Clicked on element [[ChromeDriver: chrome on WINDOWS (cf6c73823d4353cb00bd4863d33e4aa5)] -> xpath: //li[@class='pro-menu-item']/div/span[@class='pro-item-content']]
[INFO ] 2023-03-03 17:11:32.766 [main] Log - wait for until element [[ChromeDriver: chrome on WINDOWS (cf6c73823d4353cb00bd4863d33e4aa5)] -> xpath: //span[@class='MuiIconButton-label']]is visible
[INFO ] 2023-03-03 17:11:33.088 [main] Log - Clicked on element [[ChromeDriver: chrome on WINDOWS (cf6c73823d4353cb00bd4863d33e4aa5)] -> xpath: //span[@class='MuiIconButton-label']]
[INFO ] 2023-03-03 17:11:33.306 [main] Log - wait for until element [[ChromeDriver: chrome on WINDOWS (cf6c73823d4353cb00bd4863d33e4aa5)] -> xpath: //span[contains(text(),'About Me')]]is visible
[INFO ] 2023-03-03 17:11:33.571 [main] Log - Clicked on element [[ChromeDriver: chrome on WINDOWS (cf6c73823d4353cb00bd4863d33e4aa5)] -> xpath: //span[contains(text(),'About Me')]]
[INFO ] 2023-03-03 17:11:37.078 [main] Log - AboutMeTest is passed
[INFO ] 2023-03-03 17:11:37.079 [main] Log - AboutMe com.blazeclan.qa.test.testng.AboutMeTest 19258b37-0f7a-4f6b-8d44-d30db0a043a7 []
[INFO ] 2023-03-03 17:11:37.284 [main] Log - Logout Test is starting. 
[INFO ] 2023-03-03 17:11:37.332 [main] Log - wait for until element [[ChromeDriver: chrome on WINDOWS (cf6c73823d4353cb00bd4863d33e4aa5)] -> xpath: //div[@class='ij_XRAOXFVqUYY8480uZC']]is visible
[INFO ] 2023-03-03 17:11:37.392 [main] Log - Clicked on element [[ChromeDriver: chrome on WINDOWS (cf6c73823d4353cb00bd4863d33e4aa5)] -> xpath: //div[@class='ij_XRAOXFVqUYY8480uZC']]
[INFO ] 2023-03-03 17:11:40.577 [main] Log - wait for until element [[ChromeDriver: chrome on WINDOWS (cf6c73823d4353cb00bd4863d33e4aa5)] -> xpath: //a[normalize-space()='Log Out']]is visible
[INFO ] 2023-03-03 17:11:42.280 [main] Log - Clicked on element Proxy element for: DefaultElementLocator 'By.xpath: //a[normalize-space()='Log Out']'
[INFO ] 2023-03-03 17:11:42.282 [main] Log - LogoutTest is passed
[INFO ] 2023-03-03 17:11:42.282 [main] Log - Logout com.blazeclan.qa.test.testng.LogoutTest 85278fbe-2d83-4ed2-a90d-312368736aa8 []
[INFO ] 2023-03-03 17:11:43.647 [main] Log - I am on finish method testng
