[INFO ] 2023-02-21 15:40:55.089 [main] Log - chrome browser selected
[INFO ] 2023-02-21 15:40:55.511 [main] Log - Opened chrome browser
[INFO ] 2023-02-21 15:40:55.651 [main] Log - Window is maximized
[INFO ] 2023-02-21 15:41:01.636 [main] Log - Opened URL is  https://pulse-stage.projectai.com/login
[INFO ] 2023-02-21 15:41:01.679 [main] Log - LoginPage Test is starting. 
[INFO ] 2023-02-21 15:41:01.792 [main] Log - Text in the element is [[ChromeDriver: chrome on WINDOWS (a9bc01401def835675c62e141b304ff7)] -> xpath: //input[@name='username']]is cleared
[INFO ] 2023-02-21 15:41:01.863 [main] Log - Cliked on textbox [[ChromeDriver: chrome on WINDOWS (a9bc01401def835675c62e141b304ff7)] -> xpath: //input[@name='username']]
[INFO ] 2023-02-21 15:41:02.019 [main] Log - Entered text on [[ChromeDriver: chrome on WINDOWS (a9bc01401def835675c62e141b304ff7)] -> xpath: //input[@name='username']] text
[INFO ] 2023-02-21 15:41:02.083 [main] Log - Text in the element is [[ChromeDriver: chrome on WINDOWS (a9bc01401def835675c62e141b304ff7)] -> xpath: //input[@name='password']]is cleared
[INFO ] 2023-02-21 15:41:02.151 [main] Log - Cliked on textbox [[ChromeDriver: chrome on WINDOWS (a9bc01401def835675c62e141b304ff7)] -> xpath: //input[@name='password']]
[INFO ] 2023-02-21 15:41:02.239 [main] Log - Entered text on [[ChromeDriver: chrome on WINDOWS (a9bc01401def835675c62e141b304ff7)] -> xpath: //input[@name='password']] text
[INFO ] 2023-02-21 15:41:02.313 [main] Log - wait for until element [[ChromeDriver: chrome on WINDOWS (a9bc01401def835675c62e141b304ff7)] -> xpath: //button[normalize-space()='Sign In']]is visible
[INFO ] 2023-02-21 15:41:02.391 [main] Log - Clicked on element [[ChromeDriver: chrome on WINDOWS (a9bc01401def835675c62e141b304ff7)] -> xpath: //button[normalize-space()='Sign In']]
[INFO ] 2023-02-21 15:41:10.417 [main] Log - LoginPageTest is passed
[INFO ] 2023-02-21 15:41:10.424 [main] Log - LoginPage com.blazeclan.qa.test.testng.LoginTest 3ee6fb20-1ccd-41a4-a413-945893679d8f []
[INFO ] 2023-02-21 15:41:10.682 [main] Log - AboutMe Test is starting. 
[INFO ] 2023-02-21 15:41:15.744 [main] Log - wait for until element [[ChromeDriver: chrome on WINDOWS (a9bc01401def835675c62e141b304ff7)] -> xpath: //span[contains(text(),'My Projects')]]is visible
[INFO ] 2023-02-21 15:41:15.803 [main] Log - Clicked on element [[ChromeDriver: chrome on WINDOWS (a9bc01401def835675c62e141b304ff7)] -> xpath: //span[contains(text(),'My Projects')]]
[INFO ] 2023-02-21 15:41:16.382 [main] Log - wait for until element [[ChromeDriver: chrome on WINDOWS (a9bc01401def835675c62e141b304ff7)] -> xpath: //li[@class='pro-menu-item']/div/span[@class='pro-item-content']]is visible
[INFO ] 2023-02-21 15:41:16.456 [main] Log - Clicked on element [[ChromeDriver: chrome on WINDOWS (a9bc01401def835675c62e141b304ff7)] -> xpath: //li[@class='pro-menu-item']/div/span[@class='pro-item-content']]
[INFO ] 2023-02-21 15:41:22.790 [main] Log - wait for until element [[ChromeDriver: chrome on WINDOWS (a9bc01401def835675c62e141b304ff7)] -> xpath: //span[@class='MuiIconButton-label']]is visible
[INFO ] 2023-02-21 15:41:22.893 [main] Log - Clicked on element [[ChromeDriver: chrome on WINDOWS (a9bc01401def835675c62e141b304ff7)] -> xpath: //span[@class='MuiIconButton-label']]
[INFO ] 2023-02-21 15:41:22.998 [main] Log - wait for until element [[ChromeDriver: chrome on WINDOWS (a9bc01401def835675c62e141b304ff7)] -> xpath: //span[contains(text(),'About Me')]]is visible
[INFO ] 2023-02-21 15:41:23.726 [main] Log - Clicked on element [[ChromeDriver: chrome on WINDOWS (a9bc01401def835675c62e141b304ff7)] -> xpath: //span[contains(text(),'About Me')]]
[INFO ] 2023-02-21 15:41:26.783 [main] Log - wait for until element [[ChromeDriver: chrome on WINDOWS (a9bc01401def835675c62e141b304ff7)] -> xpath: //body/div[@id='root']/div[1]/div[2]/div[1]/div[1]/div[2]/div[1]/div[2]/div[1]/div[1]/div[3]/div[1]/div[1]/div[1]/div[1]/div[3]]is visible
[INFO ] 2023-02-21 15:41:27.245 [main] Log - slider action performed on element [[ChromeDriver: chrome on WINDOWS (a9bc01401def835675c62e141b304ff7)] -> xpath: //body/div[@id='root']/div[1]/div[2]/div[1]/div[1]/div[2]/div[1]/div[2]/div[1]/div[1]/div[3]/div[1]/div[1]/div[1]/div[1]/div[3]]
[INFO ] 2023-02-21 15:41:27.307 [main] Log - wait for until element [[ChromeDriver: chrome on WINDOWS (a9bc01401def835675c62e141b304ff7)] -> xpath: //body/div[@id='root']/div[1]/div[2]/div[1]/div[1]/div[2]/div[1]/div[2]/div[1]/div[1]/div[4]/div[1]/div[1]/div[1]/div[1]/div[3]]is visible
[INFO ] 2023-02-21 15:41:37.879 [main] Log - slider action performed on element [[ChromeDriver: chrome on WINDOWS (a9bc01401def835675c62e141b304ff7)] -> xpath: //body/div[@id='root']/div[1]/div[2]/div[1]/div[1]/div[2]/div[1]/div[2]/div[1]/div[1]/div[4]/div[1]/div[1]/div[1]/div[1]/div[3]]
[INFO ] 2023-02-21 15:41:37.938 [main] Log - wait for until element [[ChromeDriver: chrome on WINDOWS (a9bc01401def835675c62e141b304ff7)] -> xpath: //body/div[@id='root']/div[1]/div[2]/div[1]/div[1]/div[2]/div[1]/div[2]/div[1]/div[1]/div[6]/div[1]/div[1]/div[1]/div[1]/div[3]]is visible
[INFO ] 2023-02-21 15:41:43.508 [main] Log - slider action performed on element [[ChromeDriver: chrome on WINDOWS (a9bc01401def835675c62e141b304ff7)] -> xpath: //body/div[@id='root']/div[1]/div[2]/div[1]/div[1]/div[2]/div[1]/div[2]/div[1]/div[1]/div[6]/div[1]/div[1]/div[1]/div[1]/div[3]]
[INFO ] 2023-02-21 15:41:43.554 [main] Log - wait for until element [[ChromeDriver: chrome on WINDOWS (a9bc01401def835675c62e141b304ff7)] -> xpath: //body/div[@id='root']/div[1]/div[2]/div[1]/div[1]/div[2]/div[1]/div[2]/div[1]/div[1]/div[7]/div[1]/div[1]/div[1]/div[1]/div[3]]is visible
[INFO ] 2023-02-21 15:41:43.976 [main] Log - slider action performed on element [[ChromeDriver: chrome on WINDOWS (a9bc01401def835675c62e141b304ff7)] -> xpath: //body/div[@id='root']/div[1]/div[2]/div[1]/div[1]/div[2]/div[1]/div[2]/div[1]/div[1]/div[7]/div[1]/div[1]/div[1]/div[1]/div[3]]
[INFO ] 2023-02-21 15:41:44.016 [main] Log - wait for until element [[ChromeDriver: chrome on WINDOWS (a9bc01401def835675c62e141b304ff7)] -> xpath: //body/div[@id='root']/div[1]/div[2]/div[1]/div[1]/div[2]/div[1]/div[2]/div[1]/div[1]/div[8]/div[1]/div[1]/div[1]/div[1]/div[3]]is visible
[INFO ] 2023-02-21 15:41:52.874 [main] Log - slider action performed on element [[ChromeDriver: chrome on WINDOWS (a9bc01401def835675c62e141b304ff7)] -> xpath: //body/div[@id='root']/div[1]/div[2]/div[1]/div[1]/div[2]/div[1]/div[2]/div[1]/div[1]/div[8]/div[1]/div[1]/div[1]/div[1]/div[3]]
[INFO ] 2023-02-21 15:41:52.914 [main] Log - wait for until element [[ChromeDriver: chrome on WINDOWS (a9bc01401def835675c62e141b304ff7)] -> xpath: //body/div[@id='root']/div[1]/div[2]/div[1]/div[1]/div[2]/div[1]/div[2]/div[1]/div[1]/div[9]/div[1]/div[1]/div[1]/div[1]/div[3]]is visible
[INFO ] 2023-02-21 15:41:53.612 [main] Log - slider action performed on element [[ChromeDriver: chrome on WINDOWS (a9bc01401def835675c62e141b304ff7)] -> xpath: //body/div[@id='root']/div[1]/div[2]/div[1]/div[1]/div[2]/div[1]/div[2]/div[1]/div[1]/div[9]/div[1]/div[1]/div[1]/div[1]/div[3]]
[INFO ] 2023-02-21 15:41:53.648 [main] Log - wait for until element [[ChromeDriver: chrome on WINDOWS (a9bc01401def835675c62e141b304ff7)] -> xpath: //body/div[@id='root']/div[1]/div[2]/div[1]/div[1]/div[2]/div[1]/div[2]/div[1]/div[1]/div[10]/div[1]/div[1]/div[1]/div[1]/textarea[1]]is visible
[ERROR] 2023-02-21 15:41:54.758 [main] Log - AboutMeTest is failed
[INFO ] 2023-02-21 15:41:54.927 [main] Log - Logout Test is starting. 
[INFO ] 2023-02-21 15:41:54.977 [main] Log - wait for until element [[ChromeDriver: chrome on WINDOWS (a9bc01401def835675c62e141b304ff7)] -> xpath: //div[@class='ij_XRAOXFVqUYY8480uZC']]is visible
[INFO ] 2023-02-21 15:41:55.084 [main] Log - Clicked on element [[ChromeDriver: chrome on WINDOWS (a9bc01401def835675c62e141b304ff7)] -> xpath: //div[@class='ij_XRAOXFVqUYY8480uZC']]
[INFO ] 2023-02-21 15:41:58.138 [main] Log - wait for until element [[ChromeDriver: chrome on WINDOWS (a9bc01401def835675c62e141b304ff7)] -> xpath: //a[normalize-space()='Log Out']]is visible
[INFO ] 2023-02-21 15:42:02.113 [main] Log - Clicked on element Proxy element for: DefaultElementLocator 'By.xpath: //a[normalize-space()='Log Out']'
[INFO ] 2023-02-21 15:42:02.115 [main] Log - LogoutTest is passed
[INFO ] 2023-02-21 15:42:02.116 [main] Log - Logout com.blazeclan.qa.test.testng.LogoutTest 978240ce-73b4-4dda-bdc9-43a6a270311d []
[INFO ] 2023-02-21 15:42:04.044 [main] Log - I am on finish method testng
